
Showing logs for build [32mcb-kubecd-environment-pr-96-82-kglbd-1[0m stage [32mfrom-build-pack[0m and container [32mstep-credential-initializer-gm2c7[0m
{"level":"warn","ts":1575476088.4449263,"logger":"fallback-logger","caller":"logging/config.go:69","msg":"Fetch GitHub commit ID from kodata failed: \"ref: refs/heads/master\" is not a valid GitHub commit ID"}
{"level":"info","ts":1575476088.4452662,"logger":"fallback-logger","caller":"creds-init/main.go:40","msg":"Credentials initialized."}

Showing logs for build [32mcb-kubecd-environment-pr-96-82-kglbd-1[0m stage [32mfrom-build-pack[0m and container [32mstep-working-dir-initializer-n2tvg[0m
{"level":"warn","ts":1575476089.4232411,"logger":"fallback-logger","caller":"logging/config.go:69","msg":"Fetch GitHub commit ID from kodata failed: open /var/run/ko/HEAD: no such file or directory"}
{"level":"info","ts":1575476089.4239576,"logger":"fallback-logger","caller":"bash/main.go:65","msg":"Successfully executed command \"mkdir -p /workspace/source\""}

Showing logs for build [32mcb-kubecd-environment-pr-96-82-kglbd-1[0m stage [32mfrom-build-pack[0m and container [32mstep-place-tools[0m

Showing logs for build [32mcb-kubecd-environment-pr-96-82-kglbd-1[0m stage [32mfrom-build-pack[0m and container [32mstep-git-source-cb-kubecd-environment-pr-96-82-sdpzw[0m
{"level":"warn","ts":1575476094.5041962,"logger":"fallback-logger","caller":"logging/config.go:69","msg":"Fetch GitHub commit ID from kodata failed: \"ref: refs/heads/master\" is not a valid GitHub commit ID"}
{"level":"info","ts":1575476094.659059,"logger":"fallback-logger","caller":"git/git.go:102","msg":"Successfully cloned https://github.com/cb-kubecd/environment-pr-96-82-boot-eks-staging.git @ master in path /workspace/source"}

Showing logs for build [32mcb-kubecd-environment-pr-96-82-kglbd-1[0m stage [32mfrom-build-pack[0m and container [32mstep-git-merge[0m
Using SHAs from PULL_REFS=master:690ebd3415104a3e01ff9d3683fbf0ed2edacbbd,2:a17dd6774477c25028c9f212c46300e73fbdecd9
DEBUG: ran git fetch --unshallow origin a17dd6774477c25028c9f212c46300e73fbdecd9: 690ebd3415104a3e01ff9d3683fbf0ed2edacbbd: in 
DEBUG: ran git checkout master in 
DEBUG: ran git reset --hard 690ebd3415104a3e01ff9d3683fbf0ed2edacbbd in 
DEBUG: ran clean --force -d . in 
DEBUG: ran git merge a17dd6774477c25028c9f212c46300e73fbdecd9 in 
Merged SHA a17dd6774477c25028c9f212c46300e73fbdecd9 with commit message 'chore: Promote bdd-gh-1575475931 to version 0.0.1' into base branch master

Showing logs for build [32mcb-kubecd-environment-pr-96-82-kglbd-1[0m stage [32mfrom-build-pack[0m and container [32mstep-build-helm-build[0m
WARNING: No $CHART_REPOSITORY defined so using the default value of: http://jenkins-x-chartmuseum:8080
Adding missing Helm repo: storage.googleapis.com https://storage.googleapis.com/chartmuseum.jenkins-x.io
Read credentials for https://storage.googleapis.com/chartmuseum.jenkins-x.io from vault helm/repos
Successfully added Helm repository storage.googleapis.com.
Adding missing Helm repo: jenkins-x-chartmuseum http://jenkins-x-chartmuseum:8080
Read credentials for http://jenkins-x-chartmuseum:8080 from vault helm/repos
Successfully added Helm repository jenkins-x-chartmuseum.
WARNING: No $CHART_REPOSITORY defined so using the default value of: http://jenkins-x-chartmuseum:8080
Adding missing Helm repo: chartmuseum.jenkins-x.io http://chartmuseum.jenkins-x.io
Read credentials for http://chartmuseum.jenkins-x.io from vault helm/repos
Successfully added Helm repository chartmuseum.jenkins-x.io.
