
Showing logs for build [32mcb-kubecd-environment-pr-96-82-b6h2t-1[0m stage [32mfrom-build-pack[0m and container [32mstep-credential-initializer-xdj4c[0m
{"level":"warn","ts":1575477686.0033467,"logger":"fallback-logger","caller":"logging/config.go:69","msg":"Fetch GitHub commit ID from kodata failed: \"ref: refs/heads/master\" is not a valid GitHub commit ID"}
{"level":"info","ts":1575477686.003604,"logger":"fallback-logger","caller":"creds-init/main.go:40","msg":"Credentials initialized."}

Showing logs for build [32mcb-kubecd-environment-pr-96-82-b6h2t-1[0m stage [32mfrom-build-pack[0m and container [32mstep-working-dir-initializer-x6rhn[0m
{"level":"warn","ts":1575477687.1077046,"logger":"fallback-logger","caller":"logging/config.go:69","msg":"Fetch GitHub commit ID from kodata failed: open /var/run/ko/HEAD: no such file or directory"}
{"level":"info","ts":1575477687.1085396,"logger":"fallback-logger","caller":"bash/main.go:65","msg":"Successfully executed command \"mkdir -p /workspace/source\""}

Showing logs for build [32mcb-kubecd-environment-pr-96-82-b6h2t-1[0m stage [32mfrom-build-pack[0m and container [32mstep-place-tools[0m

Showing logs for build [32mcb-kubecd-environment-pr-96-82-b6h2t-1[0m stage [32mfrom-build-pack[0m and container [32mstep-git-source-cb-kubecd-environment-pr-96-82-xm7nt[0m
{"level":"warn","ts":1575477693.229216,"logger":"fallback-logger","caller":"logging/config.go:69","msg":"Fetch GitHub commit ID from kodata failed: \"ref: refs/heads/master\" is not a valid GitHub commit ID"}
{"level":"info","ts":1575477693.407801,"logger":"fallback-logger","caller":"git/git.go:102","msg":"Successfully cloned https://github.com/cb-kubecd/environment-pr-96-82-boot-eks-staging.git @ master in path /workspace/source"}

Showing logs for build [32mcb-kubecd-environment-pr-96-82-b6h2t-1[0m stage [32mfrom-build-pack[0m and container [32mstep-git-merge[0m
Using SHAs from PULL_REFS=master:d48de916725fd4965f1b3e835212154144f19beb,4:cff3f4ceb8e55e8fd10bc1909643a4aa95d0951a
DEBUG: ran git fetch --unshallow origin cff3f4ceb8e55e8fd10bc1909643a4aa95d0951a: d48de916725fd4965f1b3e835212154144f19beb: in 
DEBUG: ran git checkout master in 
DEBUG: ran git reset --hard d48de916725fd4965f1b3e835212154144f19beb in 
DEBUG: ran clean --force -d . in 
DEBUG: ran git merge cff3f4ceb8e55e8fd10bc1909643a4aa95d0951a in 
Merged SHA cff3f4ceb8e55e8fd10bc1909643a4aa95d0951a with commit message 'chore: Promote bdd-sbhg-1575475931 to version 0.0.1' into base branch master

Showing logs for build [32mcb-kubecd-environment-pr-96-82-b6h2t-1[0m stage [32mfrom-build-pack[0m and container [32mstep-build-helm-build[0m
WARNING: No $CHART_REPOSITORY defined so using the default value of: http://jenkins-x-chartmuseum:8080
Adding missing Helm repo: storage.googleapis.com https://storage.googleapis.com/chartmuseum.jenkins-x.io
Read credentials for https://storage.googleapis.com/chartmuseum.jenkins-x.io from vault helm/repos
Successfully added Helm repository storage.googleapis.com.
Adding missing Helm repo: jenkins-x-chartmuseum http://jenkins-x-chartmuseum:8080
Read credentials for http://jenkins-x-chartmuseum:8080 from vault helm/repos
Successfully added Helm repository jenkins-x-chartmuseum.
WARNING: No $CHART_REPOSITORY defined so using the default value of: http://jenkins-x-chartmuseum:8080
Adding missing Helm repo: chartmuseum.jenkins-x.io http://chartmuseum.jenkins-x.io
Read credentials for http://chartmuseum.jenkins-x.io from vault helm/repos
Successfully added Helm repository chartmuseum.jenkins-x.io.
