
Showing logs for build [32mcb-kubecd-environment-pr-96-82-wlrd2-1[0m stage [32mfrom-build-pack[0m and container [32mstep-credential-initializer-hszks[0m
{"level":"warn","ts":1575480491.1183882,"logger":"fallback-logger","caller":"logging/config.go:69","msg":"Fetch GitHub commit ID from kodata failed: \"ref: refs/heads/master\" is not a valid GitHub commit ID"}
{"level":"info","ts":1575480491.1186776,"logger":"fallback-logger","caller":"creds-init/main.go:40","msg":"Credentials initialized."}

Showing logs for build [32mcb-kubecd-environment-pr-96-82-wlrd2-1[0m stage [32mfrom-build-pack[0m and container [32mstep-working-dir-initializer-7xfq5[0m
{"level":"warn","ts":1575480491.4225514,"logger":"fallback-logger","caller":"logging/config.go:69","msg":"Fetch GitHub commit ID from kodata failed: open /var/run/ko/HEAD: no such file or directory"}
{"level":"info","ts":1575480491.4234793,"logger":"fallback-logger","caller":"bash/main.go:65","msg":"Successfully executed command \"mkdir -p /workspace/source\""}

Showing logs for build [32mcb-kubecd-environment-pr-96-82-wlrd2-1[0m stage [32mfrom-build-pack[0m and container [32mstep-place-tools[0m

Showing logs for build [32mcb-kubecd-environment-pr-96-82-wlrd2-1[0m stage [32mfrom-build-pack[0m and container [32mstep-git-source-cb-kubecd-environment-pr-96-82-t6lwn[0m
{"level":"warn","ts":1575480496.616123,"logger":"fallback-logger","caller":"logging/config.go:69","msg":"Fetch GitHub commit ID from kodata failed: \"ref: refs/heads/master\" is not a valid GitHub commit ID"}
{"level":"info","ts":1575480496.8260949,"logger":"fallback-logger","caller":"git/git.go:102","msg":"Successfully cloned https://github.com/cb-kubecd/environment-pr-96-82-boot-eks-staging.git @ master in path /workspace/source"}

Showing logs for build [32mcb-kubecd-environment-pr-96-82-wlrd2-1[0m stage [32mfrom-build-pack[0m and container [32mstep-git-merge[0m
Using SHAs from PULL_REFS=master:1dec31663d98f5bf9b062771b9dc99798e2d7df3,6:2a427c48dda08cb2f54599f1eb54053fa68251c0
DEBUG: ran git fetch --unshallow origin 2a427c48dda08cb2f54599f1eb54053fa68251c0: 1dec31663d98f5bf9b062771b9dc99798e2d7df3: in 
DEBUG: ran git checkout master in 
DEBUG: ran git reset --hard 1dec31663d98f5bf9b062771b9dc99798e2d7df3 in 
DEBUG: ran clean --force -d . in 
DEBUG: ran git merge 2a427c48dda08cb2f54599f1eb54053fa68251c0 in 
Merged SHA 2a427c48dda08cb2f54599f1eb54053fa68251c0 with commit message 'chore: Promote bdd-nh-import-1575478179 to version 0.0.1' into base branch master

Showing logs for build [32mcb-kubecd-environment-pr-96-82-wlrd2-1[0m stage [32mfrom-build-pack[0m and container [32mstep-build-helm-build[0m
WARNING: No $CHART_REPOSITORY defined so using the default value of: http://jenkins-x-chartmuseum:8080
Adding missing Helm repo: storage.googleapis.com https://storage.googleapis.com/chartmuseum.jenkins-x.io
Read credentials for https://storage.googleapis.com/chartmuseum.jenkins-x.io from vault helm/repos
Successfully added Helm repository storage.googleapis.com.
Adding missing Helm repo: jenkins-x-chartmuseum http://jenkins-x-chartmuseum:8080
Read credentials for http://jenkins-x-chartmuseum:8080 from vault helm/repos
Successfully added Helm repository jenkins-x-chartmuseum.
WARNING: No $CHART_REPOSITORY defined so using the default value of: http://jenkins-x-chartmuseum:8080
Adding missing Helm repo: chartmuseum.jenkins-x.io http://chartmuseum.jenkins-x.io
Read credentials for http://chartmuseum.jenkins-x.io from vault helm/repos
Successfully added Helm repository chartmuseum.jenkins-x.io.
