
Showing logs for build [32mcb-kubecd-environment-pr-96-82-t8r2s-1[0m stage [32mfrom-build-pack[0m and container [32mstep-credential-initializer-btrfs[0m
{"level":"warn","ts":1575476832.880334,"logger":"fallback-logger","caller":"logging/config.go:69","msg":"Fetch GitHub commit ID from kodata failed: \"ref: refs/heads/master\" is not a valid GitHub commit ID"}
{"level":"info","ts":1575476832.8805747,"logger":"fallback-logger","caller":"creds-init/main.go:40","msg":"Credentials initialized."}

Showing logs for build [32mcb-kubecd-environment-pr-96-82-t8r2s-1[0m stage [32mfrom-build-pack[0m and container [32mstep-working-dir-initializer-mr4vj[0m
{"level":"warn","ts":1575476833.881873,"logger":"fallback-logger","caller":"logging/config.go:69","msg":"Fetch GitHub commit ID from kodata failed: open /var/run/ko/HEAD: no such file or directory"}
{"level":"info","ts":1575476833.8827622,"logger":"fallback-logger","caller":"bash/main.go:65","msg":"Successfully executed command \"mkdir -p /workspace/source\""}

Showing logs for build [32mcb-kubecd-environment-pr-96-82-t8r2s-1[0m stage [32mfrom-build-pack[0m and container [32mstep-place-tools[0m

Showing logs for build [32mcb-kubecd-environment-pr-96-82-t8r2s-1[0m stage [32mfrom-build-pack[0m and container [32mstep-git-source-cb-kubecd-environment-pr-96-82-kvchz[0m
{"level":"warn","ts":1575476839.9861124,"logger":"fallback-logger","caller":"logging/config.go:69","msg":"Fetch GitHub commit ID from kodata failed: \"ref: refs/heads/master\" is not a valid GitHub commit ID"}
{"level":"info","ts":1575476840.1850195,"logger":"fallback-logger","caller":"git/git.go:102","msg":"Successfully cloned https://github.com/cb-kubecd/environment-pr-96-82-boot-eks-staging.git @ master in path /workspace/source"}

Showing logs for build [32mcb-kubecd-environment-pr-96-82-t8r2s-1[0m stage [32mfrom-build-pack[0m and container [32mstep-git-merge[0m
Using SHAs from PULL_REFS=master:e66ac229117917fa6c8df089fc37fb9d9766c287,3:cfdefbc9bbc68739bfc0cc7ce08c0a12f017bf71
DEBUG: ran git fetch --unshallow origin cfdefbc9bbc68739bfc0cc7ce08c0a12f017bf71: e66ac229117917fa6c8df089fc37fb9d9766c287: in 
DEBUG: ran git checkout master in 
DEBUG: ran git reset --hard e66ac229117917fa6c8df089fc37fb9d9766c287 in 
DEBUG: ran clean --force -d . in 
DEBUG: ran git merge cfdefbc9bbc68739bfc0cc7ce08c0a12f017bf71 in 
Merged SHA cfdefbc9bbc68739bfc0cc7ce08c0a12f017bf71 with commit message 'chore: Promote bdd-nh-1575475931 to version 0.0.1' into base branch master

Showing logs for build [32mcb-kubecd-environment-pr-96-82-t8r2s-1[0m stage [32mfrom-build-pack[0m and container [32mstep-build-helm-build[0m
WARNING: No $CHART_REPOSITORY defined so using the default value of: http://jenkins-x-chartmuseum:8080
Adding missing Helm repo: storage.googleapis.com https://storage.googleapis.com/chartmuseum.jenkins-x.io
Read credentials for https://storage.googleapis.com/chartmuseum.jenkins-x.io from vault helm/repos
Successfully added Helm repository storage.googleapis.com.
Adding missing Helm repo: jenkins-x-chartmuseum http://jenkins-x-chartmuseum:8080
Read credentials for http://jenkins-x-chartmuseum:8080 from vault helm/repos
Successfully added Helm repository jenkins-x-chartmuseum.
WARNING: No $CHART_REPOSITORY defined so using the default value of: http://jenkins-x-chartmuseum:8080
Adding missing Helm repo: chartmuseum.jenkins-x.io http://chartmuseum.jenkins-x.io
Read credentials for http://chartmuseum.jenkins-x.io from vault helm/repos
Successfully added Helm repository chartmuseum.jenkins-x.io.
