
Showing logs for build [32mcb-kubecd-environment-pr-96-82-mt6z7-1[0m stage [32mfrom-build-pack[0m and container [32mstep-credential-initializer-cnkg2[0m
{"level":"warn","ts":1575481171.3238928,"logger":"fallback-logger","caller":"logging/config.go:69","msg":"Fetch GitHub commit ID from kodata failed: \"ref: refs/heads/master\" is not a valid GitHub commit ID"}
{"level":"info","ts":1575481171.3242009,"logger":"fallback-logger","caller":"creds-init/main.go:40","msg":"Credentials initialized."}

Showing logs for build [32mcb-kubecd-environment-pr-96-82-mt6z7-1[0m stage [32mfrom-build-pack[0m and container [32mstep-working-dir-initializer-mpkjv[0m
{"level":"warn","ts":1575481172.3587925,"logger":"fallback-logger","caller":"logging/config.go:69","msg":"Fetch GitHub commit ID from kodata failed: open /var/run/ko/HEAD: no such file or directory"}
{"level":"info","ts":1575481172.3596067,"logger":"fallback-logger","caller":"bash/main.go:65","msg":"Successfully executed command \"mkdir -p /workspace/source\""}

Showing logs for build [32mcb-kubecd-environment-pr-96-82-mt6z7-1[0m stage [32mfrom-build-pack[0m and container [32mstep-place-tools[0m

Showing logs for build [32mcb-kubecd-environment-pr-96-82-mt6z7-1[0m stage [32mfrom-build-pack[0m and container [32mstep-git-source-cb-kubecd-environment-pr-96-82-4b5b7[0m
{"level":"warn","ts":1575481178.5476756,"logger":"fallback-logger","caller":"logging/config.go:69","msg":"Fetch GitHub commit ID from kodata failed: \"ref: refs/heads/master\" is not a valid GitHub commit ID"}
{"level":"info","ts":1575481178.7131248,"logger":"fallback-logger","caller":"git/git.go:102","msg":"Successfully cloned https://github.com/cb-kubecd/environment-pr-96-82-boot-eks-staging.git @ master in path /workspace/source"}

Showing logs for build [32mcb-kubecd-environment-pr-96-82-mt6z7-1[0m stage [32mfrom-build-pack[0m and container [32mstep-git-merge[0m
Using SHAs from PULL_REFS=master:6066f1f8661c84eff7d30fc74fa8c115f88b05f6,7:f5d6552abb1b4613adc026c720f3b629c806576f
DEBUG: ran git fetch --unshallow origin f5d6552abb1b4613adc026c720f3b629c806576f: 6066f1f8661c84eff7d30fc74fa8c115f88b05f6: in 
DEBUG: ran git checkout master in 
DEBUG: ran git reset --hard 6066f1f8661c84eff7d30fc74fa8c115f88b05f6 in 
DEBUG: ran clean --force -d . in 
DEBUG: ran git merge f5d6552abb1b4613adc026c720f3b629c806576f in 
Merged SHA f5d6552abb1b4613adc026c720f3b629c806576f with commit message 'chore: Promote bdd-sbrp-import-1575478179 to version 0.0.1' into base branch master

Showing logs for build [32mcb-kubecd-environment-pr-96-82-mt6z7-1[0m stage [32mfrom-build-pack[0m and container [32mstep-build-helm-build[0m
WARNING: No $CHART_REPOSITORY defined so using the default value of: http://jenkins-x-chartmuseum:8080
Adding missing Helm repo: storage.googleapis.com https://storage.googleapis.com/chartmuseum.jenkins-x.io
error: failed to add chart repositories: failed to add the Helm repository with URL 'https://storage.googleapis.com/chartmuseum.jenkins-x.io': reading repo credentials from vault helm/repos: reading the secret "helm/repos" from vault: Error making API request.

URL: GET http://vault-**.52.5.188.180.nip.io/v1/secret/data/helm/repos
Code: 404. Raw Message:

default backend - 404
[31m
Pipeline failed on stage 'from-build-pack' : container 'step-build-helm-build'. The execution of the pipeline has stopped.[0m
